<?xml version="1.0" encoding="UTF-8"?>
<testng-results ignored="0" total="1" passed="1" failed="0" skipped="0">
  <reporter-output>
  </reporter-output>
  <suite started-at="2022-04-05T11:04:23 EDT" name="Default suite" finished-at="2022-04-05T11:04:30 EDT" duration-ms="7672">
    <groups>
    </groups>
    <test started-at="2022-04-05T11:04:23 EDT" name="Default test" finished-at="2022-04-05T11:04:30 EDT" duration-ms="7672">
      <class name="EmailTest.testEmail">
        <test-method is-config="true" signature="setUp()[pri:0, instance:EmailTest.testEmail@10e41621]" started-at="2022-04-05T11:04:23 EDT" name="setUp" finished-at="2022-04-05T11:04:29 EDT" duration-ms="6283" status="PASS">
          <reporter-output>
          </reporter-output>
        </test-method> <!-- setUp -->
        <test-method signature="userLogin()[pri:0, instance:EmailTest.testEmail@10e41621]" started-at="2022-04-05T11:04:29 EDT" name="userLogin" finished-at="2022-04-05T11:04:30 EDT" duration-ms="605" status="PASS">
          <reporter-output>
          </reporter-output>
        </test-method> <!-- userLogin -->
        <test-method is-config="true" signature="tearDown(org.testng.ITestResult)[pri:0, instance:EmailTest.testEmail@10e41621]" started-at="2022-04-05T11:04:30 EDT" name="tearDown" finished-at="2022-04-05T11:04:30 EDT" duration-ms="2" status="PASS">
          <params>
            <param index="0">
              <value>
                <![CDATA[[TestResult name=userLogin status=SUCCESS method=testEmail.userLogin()[pri:0, instance:EmailTest.testEmail@10e41621] output={null}]]]>
              </value>
            </param>
          </params>
          <reporter-output>
          </reporter-output>
        </test-method> <!-- tearDown -->
        <test-method is-config="true" signature="tearDown()[pri:0, instance:EmailTest.testEmail@10e41621]" started-at="2022-04-05T11:04:30 EDT" name="tearDown" finished-at="2022-04-05T11:04:30 EDT" duration-ms="742" status="PASS">
          <reporter-output>
          </reporter-output>
        </test-method> <!-- tearDown -->
      </class> <!-- EmailTest.testEmail -->
    </test> <!-- Default test -->
  </suite> <!-- Default suite -->
</testng-results>
